{"A:\\Coding\\prompantigravity\\smart-stadium-ai\\src\\components\\AssistantController.js": {"path":"A:\\Coding\\prompantigravity\\smart-stadium-ai\\src\\components\\AssistantController.js","statementMap":{"0":{"start":{"line":16,"column":28},"end":{"line":201,"column":1}},"1":{"start":{"line":27,"column":22},"end":{"line":27,"column":34}},"2":{"start":{"line":28,"column":26},"end":{"line":28,"column":89}},"3":{"start":{"line":29,"column":24},"end":{"line":29,"column":70}},"4":{"start":{"line":29,"column":51},"end":{"line":29,"column":69}},"5":{"start":{"line":31,"column":8},"end":{"line":36,"column":9}},"6":{"start":{"line":32,"column":12},"end":{"line":32,"column":111}},"7":{"start":{"line":33,"column":29},"end":{"line":33,"column":65}},"8":{"start":{"line":34,"column":12},"end":{"line":34,"column":56}},"9":{"start":{"line":34,"column":35},"end":{"line":34,"column":56}},"10":{"start":{"line":35,"column":12},"end":{"line":35,"column":28}},"11":{"start":{"line":38,"column":29},"end":{"line":49,"column":9}},"12":{"start":{"line":51,"column":8},"end":{"line":86,"column":9}},"13":{"start":{"line":52,"column":12},"end":{"line":52,"column":79}},"14":{"start":{"line":53,"column":24},"end":{"line":65,"column":14}},"15":{"start":{"line":66,"column":25},"end":{"line":66,"column":41}},"16":{"start":{"line":68,"column":31},"end":{"line":68,"column":33}},"17":{"start":{"line":69,"column":12},"end":{"line":76,"column":13}},"18":{"start":{"line":70,"column":16},"end":{"line":70,"column":83}},"19":{"start":{"line":71,"column":16},"end":{"line":71,"column":68}},"20":{"start":{"line":72,"column":19},"end":{"line":76,"column":13}},"21":{"start":{"line":73,"column":16},"end":{"line":73,"column":72}},"22":{"start":{"line":75,"column":16},"end":{"line":75,"column":68}},"23":{"start":{"line":78,"column":12},"end":{"line":78,"column":60}},"24":{"start":{"line":78,"column":35},"end":{"line":78,"column":60}},"25":{"start":{"line":79,"column":12},"end":{"line":79,"column":32}},"26":{"start":{"line":82,"column":12},"end":{"line":82,"column":69}},"27":{"start":{"line":83,"column":32},"end":{"line":83,"column":68}},"28":{"start":{"line":84,"column":12},"end":{"line":84,"column":59}},"29":{"start":{"line":84,"column":35},"end":{"line":84,"column":59}},"30":{"start":{"line":85,"column":12},"end":{"line":85,"column":31}},"31":{"start":{"line":101,"column":8},"end":{"line":101,"column":44}},"32":{"start":{"line":101,"column":37},"end":{"line":101,"column":44}},"33":{"start":{"line":102,"column":8},"end":{"line":102,"column":40}},"34":{"start":{"line":103,"column":26},"end":{"line":103,"column":60}},"35":{"start":{"line":104,"column":8},"end":{"line":104,"column":30}},"36":{"start":{"line":106,"column":23},"end":{"line":106,"column":57}},"37":{"start":{"line":107,"column":26},"end":{"line":107,"column":107}},"38":{"start":{"line":107,"column":43},"end":{"line":107,"column":93}},"39":{"start":{"line":108,"column":8},"end":{"line":108,"column":51}},"40":{"start":{"line":108,"column":23},"end":{"line":108,"column":51}},"41":{"start":{"line":109,"column":8},"end":{"line":109,"column":48}},"42":{"start":{"line":119,"column":34},"end":{"line":119,"column":92}},"43":{"start":{"line":120,"column":8},"end":{"line":123,"column":9}},"44":{"start":{"line":121,"column":12},"end":{"line":121,"column":86}},"45":{"start":{"line":121,"column":25},"end":{"line":121,"column":86}},"46":{"start":{"line":122,"column":12},"end":{"line":122,"column":19}},"47":{"start":{"line":125,"column":8},"end":{"line":130,"column":9}},"48":{"start":{"line":126,"column":12},"end":{"line":126,"column":55}},"49":{"start":{"line":127,"column":12},"end":{"line":127,"column":48}},"50":{"start":{"line":128,"column":12},"end":{"line":128,"column":52}},"51":{"start":{"line":129,"column":12},"end":{"line":129,"column":44}},"52":{"start":{"line":132,"column":8},"end":{"line":135,"column":10}},"53":{"start":{"line":133,"column":31},"end":{"line":133,"column":61}},"54":{"start":{"line":134,"column":12},"end":{"line":134,"column":47}},"55":{"start":{"line":134,"column":26},"end":{"line":134,"column":47}},"56":{"start":{"line":137,"column":8},"end":{"line":139,"column":10}},"57":{"start":{"line":138,"column":12},"end":{"line":138,"column":46}},"58":{"start":{"line":138,"column":25},"end":{"line":138,"column":46}},"59":{"start":{"line":141,"column":8},"end":{"line":143,"column":10}},"60":{"start":{"line":142,"column":12},"end":{"line":142,"column":31}},"61":{"start":{"line":142,"column":23},"end":{"line":142,"column":31}},"62":{"start":{"line":145,"column":8},"end":{"line":145,"column":33}},"63":{"start":{"line":158,"column":18},"end":{"line":158,"column":37}},"64":{"start":{"line":159,"column":8},"end":{"line":159,"column":128}},"65":{"start":{"line":159,"column":38},"end":{"line":159,"column":128}},"66":{"start":{"line":162,"column":24},"end":{"line":194,"column":9}},"67":{"start":{"line":166,"column":32},"end":{"line":166,"column":123}},"68":{"start":{"line":166,"column":61},"end":{"line":166,"column":79}},"69":{"start":{"line":166,"column":102},"end":{"line":166,"column":119}},"70":{"start":{"line":167,"column":20},"end":{"line":167,"column":248}},"71":{"start":{"line":173,"column":34},"end":{"line":173,"column":53}},"72":{"start":{"line":174,"column":33},"end":{"line":174,"column":80}},"73":{"start":{"line":174,"column":53},"end":{"line":174,"column":76}},"74":{"start":{"line":175,"column":20},"end":{"line":178,"column":21}},"75":{"start":{"line":176,"column":36},"end":{"line":176,"column":132}},"76":{"start":{"line":176,"column":52},"end":{"line":176,"column":131}},"77":{"start":{"line":177,"column":24},"end":{"line":177,"column":187}},"78":{"start":{"line":179,"column":20},"end":{"line":179,"column":219}},"79":{"start":{"line":184,"column":28},"end":{"line":184,"column":149}},"80":{"start":{"line":188,"column":28},"end":{"line":188,"column":125}},"81":{"start":{"line":192,"column":28},"end":{"line":192,"column":119}},"82":{"start":{"line":196,"column":22},"end":{"line":196,"column":82}},"83":{"start":{"line":196,"column":45},"end":{"line":196,"column":81}},"84":{"start":{"line":196,"column":67},"end":{"line":196,"column":80}},"85":{"start":{"line":197,"column":8},"end":{"line":197,"column":39}},"86":{"start":{"line":197,"column":19},"end":{"line":197,"column":39}},"87":{"start":{"line":199,"column":8},"end":{"line":199,"column":176}},"88":{"start":{"line":203,"column":0},"end":{"line":203,"column":49}},"89":{"start":{"line":206,"column":0},"end":{"line":208,"column":1}},"90":{"start":{"line":207,"column":4},"end":{"line":207,"column":45}}},"fnMap":{"0":{"name":"(anonymous_0)","decl":{"start":{"line":26,"column":4},"end":{"line":26,"column":5}},"loc":{"start":{"line":26,"column":29},"end":{"line":87,"column":5}},"line":26},"1":{"name":"(anonymous_1)","decl":{"start":{"line":29,"column":46},"end":{"line":29,"column":47}},"loc":{"start":{"line":29,"column":51},"end":{"line":29,"column":69}},"line":29},"2":{"name":"(anonymous_2)","decl":{"start":{"line":100,"column":4},"end":{"line":100,"column":5}},"loc":{"start":{"line":100,"column":16},"end":{"line":110,"column":5}},"line":100},"3":{"name":"(anonymous_3)","decl":{"start":{"line":107,"column":38},"end":{"line":107,"column":39}},"loc":{"start":{"line":107,"column":43},"end":{"line":107,"column":93}},"line":107},"4":{"name":"(anonymous_4)","decl":{"start":{"line":118,"column":4},"end":{"line":118,"column":5}},"loc":{"start":{"line":118,"column":37},"end":{"line":146,"column":5}},"line":118},"5":{"name":"(anonymous_5)","decl":{"start":{"line":132,"column":36},"end":{"line":132,"column":37}},"loc":{"start":{"line":132,"column":47},"end":{"line":135,"column":9}},"line":132},"6":{"name":"(anonymous_6)","decl":{"start":{"line":137,"column":35},"end":{"line":137,"column":36}},"loc":{"start":{"line":137,"column":46},"end":{"line":139,"column":9}},"line":137},"7":{"name":"(anonymous_7)","decl":{"start":{"line":141,"column":33},"end":{"line":141,"column":34}},"loc":{"start":{"line":141,"column":39},"end":{"line":143,"column":9}},"line":141},"8":{"name":"(anonymous_8)","decl":{"start":{"line":157,"column":4},"end":{"line":157,"column":5}},"loc":{"start":{"line":157,"column":36},"end":{"line":200,"column":5}},"line":157},"9":{"name":"(anonymous_9)","decl":{"start":{"line":165,"column":22},"end":{"line":165,"column":23}},"loc":{"start":{"line":165,"column":28},"end":{"line":168,"column":17}},"line":165},"10":{"name":"(anonymous_10)","decl":{"start":{"line":166,"column":56},"end":{"line":166,"column":57}},"loc":{"start":{"line":166,"column":61},"end":{"line":166,"column":79}},"line":166},"11":{"name":"(anonymous_11)","decl":{"start":{"line":166,"column":93},"end":{"line":166,"column":94}},"loc":{"start":{"line":166,"column":102},"end":{"line":166,"column":119}},"line":166},"12":{"name":"(anonymous_12)","decl":{"start":{"line":172,"column":22},"end":{"line":172,"column":23}},"loc":{"start":{"line":172,"column":28},"end":{"line":180,"column":17}},"line":172},"13":{"name":"(anonymous_13)","decl":{"start":{"line":174,"column":44},"end":{"line":174,"column":45}},"loc":{"start":{"line":174,"column":53},"end":{"line":174,"column":76}},"line":174},"14":{"name":"(anonymous_14)","decl":{"start":{"line":176,"column":47},"end":{"line":176,"column":48}},"loc":{"start":{"line":176,"column":52},"end":{"line":176,"column":131}},"line":176},"15":{"name":"(anonymous_15)","decl":{"start":{"line":184,"column":22},"end":{"line":184,"column":23}},"loc":{"start":{"line":184,"column":28},"end":{"line":184,"column":149}},"line":184},"16":{"name":"(anonymous_16)","decl":{"start":{"line":188,"column":22},"end":{"line":188,"column":23}},"loc":{"start":{"line":188,"column":28},"end":{"line":188,"column":125}},"line":188},"17":{"name":"(anonymous_17)","decl":{"start":{"line":192,"column":22},"end":{"line":192,"column":23}},"loc":{"start":{"line":192,"column":28},"end":{"line":192,"column":119}},"line":192},"18":{"name":"(anonymous_18)","decl":{"start":{"line":196,"column":35},"end":{"line":196,"column":36}},"loc":{"start":{"line":196,"column":45},"end":{"line":196,"column":81}},"line":196},"19":{"name":"(anonymous_19)","decl":{"start":{"line":196,"column":62},"end":{"line":196,"column":63}},"loc":{"start":{"line":196,"column":67},"end":{"line":196,"column":80}},"line":196}},"branchMap":{"0":{"loc":{"start":{"line":28,"column":26},"end":{"line":28,"column":89}},"type":"binary-expr","locations":[{"start":{"line":28,"column":26},"end":{"line":28,"column":74}},{"start":{"line":28,"column":78},"end":{"line":28,"column":89}}],"line":28},"1":{"loc":{"start":{"line":31,"column":8},"end":{"line":36,"column":9}},"type":"if","locations":[{"start":{"line":31,"column":8},"end":{"line":36,"column":9}},{"start":{},"end":{}}],"line":31},"2":{"loc":{"start":{"line":31,"column":12},"end":{"line":31,"column":77}},"type":"binary-expr","locations":[{"start":{"line":31,"column":12},"end":{"line":31,"column":34}},{"start":{"line":31,"column":38},"end":{"line":31,"column":77}}],"line":31},"3":{"loc":{"start":{"line":34,"column":12},"end":{"line":34,"column":56}},"type":"if","locations":[{"start":{"line":34,"column":12},"end":{"line":34,"column":56}},{"start":{},"end":{}}],"line":34},"4":{"loc":{"start":{"line":40,"column":21},"end":{"line":40,"column":51}},"type":"binary-expr","locations":[{"start":{"line":40,"column":21},"end":{"line":40,"column":34}},{"start":{"line":40,"column":38},"end":{"line":40,"column":51}}],"line":40},"5":{"loc":{"start":{"line":41,"column":50},"end":{"line":41,"column":70}},"type":"binary-expr","locations":[{"start":{"line":41,"column":50},"end":{"line":41,"column":64}},{"start":{"line":41,"column":68},"end":{"line":41,"column":70}}],"line":41},"6":{"loc":{"start":{"line":41,"column":78},"end":{"line":41,"column":97}},"type":"binary-expr","locations":[{"start":{"line":41,"column":78},"end":{"line":41,"column":91}},{"start":{"line":41,"column":95},"end":{"line":41,"column":97}}],"line":41},"7":{"loc":{"start":{"line":41,"column":110},"end":{"line":41,"column":132}},"type":"binary-expr","locations":[{"start":{"line":41,"column":110},"end":{"line":41,"column":126}},{"start":{"line":41,"column":130},"end":{"line":41,"column":132}}],"line":41},"8":{"loc":{"start":{"line":45,"column":158},"end":{"line":45,"column":184}},"type":"binary-expr","locations":[{"start":{"line":45,"column":158},"end":{"line":45,"column":171}},{"start":{"line":45,"column":175},"end":{"line":45,"column":184}}],"line":45},"9":{"loc":{"start":{"line":69,"column":12},"end":{"line":76,"column":13}},"type":"if","locations":[{"start":{"line":69,"column":12},"end":{"line":76,"column":13}},{"start":{"line":72,"column":19},"end":{"line":76,"column":13}}],"line":69},"10":{"loc":{"start":{"line":72,"column":19},"end":{"line":76,"column":13}},"type":"if","locations":[{"start":{"line":72,"column":19},"end":{"line":76,"column":13}},{"start":{"line":74,"column":19},"end":{"line":76,"column":13}}],"line":72},"11":{"loc":{"start":{"line":78,"column":12},"end":{"line":78,"column":60}},"type":"if","locations":[{"start":{"line":78,"column":12},"end":{"line":78,"column":60}},{"start":{},"end":{}}],"line":78},"12":{"loc":{"start":{"line":84,"column":12},"end":{"line":84,"column":59}},"type":"if","locations":[{"start":{"line":84,"column":12},"end":{"line":84,"column":59}},{"start":{},"end":{}}],"line":84},"13":{"loc":{"start":{"line":101,"column":8},"end":{"line":101,"column":44}},"type":"if","locations":[{"start":{"line":101,"column":8},"end":{"line":101,"column":44}},{"start":{},"end":{}}],"line":101},"14":{"loc":{"start":{"line":107,"column":26},"end":{"line":107,"column":107}},"type":"binary-expr","locations":[{"start":{"line":107,"column":26},"end":{"line":107,"column":94}},{"start":{"line":107,"column":98},"end":{"line":107,"column":107}}],"line":107},"15":{"loc":{"start":{"line":107,"column":43},"end":{"line":107,"column":93}},"type":"binary-expr","locations":[{"start":{"line":107,"column":43},"end":{"line":107,"column":64}},{"start":{"line":107,"column":68},"end":{"line":107,"column":93}}],"line":107},"16":{"loc":{"start":{"line":108,"column":8},"end":{"line":108,"column":51}},"type":"if","locations":[{"start":{"line":108,"column":8},"end":{"line":108,"column":51}},{"start":{},"end":{}}],"line":108},"17":{"loc":{"start":{"line":119,"column":34},"end":{"line":119,"column":92}},"type":"binary-expr","locations":[{"start":{"line":119,"column":34},"end":{"line":119,"column":58}},{"start":{"line":119,"column":62},"end":{"line":119,"column":92}}],"line":119},"18":{"loc":{"start":{"line":120,"column":8},"end":{"line":123,"column":9}},"type":"if","locations":[{"start":{"line":120,"column":8},"end":{"line":123,"column":9}},{"start":{},"end":{}}],"line":120},"19":{"loc":{"start":{"line":121,"column":12},"end":{"line":121,"column":86}},"type":"if","locations":[{"start":{"line":121,"column":12},"end":{"line":121,"column":86}},{"start":{},"end":{}}],"line":121},"20":{"loc":{"start":{"line":125,"column":8},"end":{"line":130,"column":9}},"type":"if","locations":[{"start":{"line":125,"column":8},"end":{"line":130,"column":9}},{"start":{},"end":{}}],"line":125},"21":{"loc":{"start":{"line":134,"column":12},"end":{"line":134,"column":47}},"type":"if","locations":[{"start":{"line":134,"column":12},"end":{"line":134,"column":47}},{"start":{},"end":{}}],"line":134},"22":{"loc":{"start":{"line":138,"column":12},"end":{"line":138,"column":46}},"type":"if","locations":[{"start":{"line":138,"column":12},"end":{"line":138,"column":46}},{"start":{},"end":{}}],"line":138},"23":{"loc":{"start":{"line":142,"column":12},"end":{"line":142,"column":31}},"type":"if","locations":[{"start":{"line":142,"column":12},"end":{"line":142,"column":31}},{"start":{},"end":{}}],"line":142},"24":{"loc":{"start":{"line":159,"column":8},"end":{"line":159,"column":128}},"type":"if","locations":[{"start":{"line":159,"column":8},"end":{"line":159,"column":128}},{"start":{},"end":{}}],"line":159},"25":{"loc":{"start":{"line":166,"column":33},"end":{"line":166,"column":86}},"type":"binary-expr","locations":[{"start":{"line":166,"column":33},"end":{"line":166,"column":80}},{"start":{"line":166,"column":84},"end":{"line":166,"column":86}}],"line":166},"26":{"loc":{"start":{"line":167,"column":27},"end":{"line":167,"column":247}},"type":"cond-expr","locations":[{"start":{"line":167,"column":33},"end":{"line":167,"column":156}},{"start":{"line":167,"column":159},"end":{"line":167,"column":247}}],"line":167},"27":{"loc":{"start":{"line":173,"column":34},"end":{"line":173,"column":53}},"type":"binary-expr","locations":[{"start":{"line":173,"column":34},"end":{"line":173,"column":47}},{"start":{"line":173,"column":51},"end":{"line":173,"column":53}}],"line":173},"28":{"loc":{"start":{"line":175,"column":20},"end":{"line":178,"column":21}},"type":"if","locations":[{"start":{"line":175,"column":20},"end":{"line":178,"column":21}},{"start":{},"end":{}}],"line":175},"29":{"loc":{"start":{"line":175,"column":24},"end":{"line":175,"column":87}},"type":"binary-expr","locations":[{"start":{"line":175,"column":24},"end":{"line":175,"column":42}},{"start":{"line":175,"column":46},"end":{"line":175,"column":63}},{"start":{"line":175,"column":67},"end":{"line":175,"column":87}}],"line":175},"30":{"loc":{"start":{"line":176,"column":52},"end":{"line":176,"column":131}},"type":"binary-expr","locations":[{"start":{"line":176,"column":52},"end":{"line":176,"column":88}},{"start":{"line":176,"column":92},"end":{"line":176,"column":131}}],"line":176},"31":{"loc":{"start":{"line":177,"column":31},"end":{"line":177,"column":186}},"type":"cond-expr","locations":[{"start":{"line":177,"column":37},"end":{"line":177,"column":128}},{"start":{"line":177,"column":131},"end":{"line":177,"column":186}}],"line":177},"32":{"loc":{"start":{"line":179,"column":27},"end":{"line":179,"column":218}},"type":"cond-expr","locations":[{"start":{"line":179,"column":34},"end":{"line":179,"column":141}},{"start":{"line":179,"column":144},"end":{"line":179,"column":218}}],"line":179},"33":{"loc":{"start":{"line":197,"column":8},"end":{"line":197,"column":39}},"type":"if","locations":[{"start":{"line":197,"column":8},"end":{"line":197,"column":39}},{"start":{},"end":{}}],"line":197},"34":{"loc":{"start":{"line":206,"column":0},"end":{"line":208,"column":1}},"type":"if","locations":[{"start":{"line":206,"column":0},"end":{"line":208,"column":1}},{"start":{},"end":{}}],"line":206},"35":{"loc":{"start":{"line":206,"column":4},"end":{"line":206,"column":51}},"type":"binary-expr","locations":[{"start":{"line":206,"column":4},"end":{"line":206,"column":33}},{"start":{"line":206,"column":37},"end":{"line":206,"column":51}}],"line":206}},"s":{"0":1,"1":5,"2":5,"3":5,"4":5,"5":5,"6":1,"7":1,"8":1,"9":1,"10":1,"11":4,"12":4,"13":4,"14":4,"15":3,"16":3,"17":3,"18":1,"19":1,"20":2,"21":1,"22":1,"23":3,"24":3,"25":3,"26":1,"27":1,"28":1,"29":1,"30":1,"31":2,"32":1,"33":1,"34":1,"35":1,"36":1,"37":1,"38":1,"39":1,"40":1,"41":1,"42":2,"43":2,"44":1,"45":1,"46":1,"47":1,"48":1,"49":1,"50":1,"51":1,"52":1,"53":1,"54":1,"55":1,"56":1,"57":1,"58":1,"59":1,"60":1,"61":1,"62":1,"63":13,"64":13,"65":1,"66":12,"67":4,"68":6,"69":3,"70":4,"71":4,"72":4,"73":4,"74":4,"75":2,"76":2,"77":2,"78":2,"79":1,"80":1,"81":1,"82":12,"83":29,"84":199,"85":12,"86":11,"87":1,"88":1,"89":1,"90":1},"f":{"0":5,"1":5,"2":2,"3":1,"4":2,"5":1,"6":1,"7":1,"8":13,"9":4,"10":6,"11":3,"12":4,"13":4,"14":2,"15":1,"16":1,"17":1,"18":29,"19":199},"b":{"0":[5,0],"1":[1,4],"2":[5,5],"3":[1,0],"4":[4,0],"5":[4,0],"6":[4,0],"7":[4,0],"8":[4,0],"9":[1,2],"10":[1,1],"11":[3,0],"12":[1,0],"13":[1,1],"14":[1,0],"15":[1,1],"16":[1,0],"17":[2,1],"18":[1,1],"19":[1,0],"20":[1,0],"21":[1,0],"22":[1,0],"23":[1,0],"24":[1,12],"25":[4,1],"26":[3,1],"27":[4,0],"28":[2,2],"29":[4,4,3],"30":[2,0],"31":[2,0],"32":[2,0],"33":[11,1],"34":[1,0],"35":[1,1]},"_coverageSchema":"1a1c01bbd47fc00a2c39e90264f33305004495a9","hash":"8e1ea26cf907993a0900f2f80718b4747b8ad5f6"}
,"A:\\Coding\\prompantigravity\\smart-stadium-ai\\src\\engine\\simulator.js": {"path":"A:\\Coding\\prompantigravity\\smart-stadium-ai\\src\\engine\\simulator.js","statementMap":{"0":{"start":{"line":20,"column":25},"end":{"line":114,"column":1}},"1":{"start":{"line":36,"column":8},"end":{"line":36,"column":86}},"2":{"start":{"line":39,"column":8},"end":{"line":42,"column":9}},"3":{"start":{"line":40,"column":28},"end":{"line":40,"column":69}},"4":{"start":{"line":41,"column":12},"end":{"line":41,"column":60}},"5":{"start":{"line":41,"column":25},"end":{"line":41,"column":60}},"6":{"start":{"line":45,"column":27},"end":{"line":45,"column":73}},"7":{"start":{"line":46,"column":8},"end":{"line":50,"column":9}},"8":{"start":{"line":47,"column":12},"end":{"line":47,"column":53}},"9":{"start":{"line":48,"column":12},"end":{"line":48,"column":92}},"10":{"start":{"line":49,"column":12},"end":{"line":49,"column":101}},"11":{"start":{"line":53,"column":8},"end":{"line":73,"column":9}},"12":{"start":{"line":54,"column":12},"end":{"line":70,"column":13}},"13":{"start":{"line":55,"column":16},"end":{"line":55,"column":74}},"14":{"start":{"line":62,"column":16},"end":{"line":67,"column":18}},"15":{"start":{"line":63,"column":38},"end":{"line":63,"column":44}},"16":{"start":{"line":64,"column":20},"end":{"line":64,"column":41}},"17":{"start":{"line":65,"column":20},"end":{"line":65,"column":85}},"18":{"start":{"line":66,"column":20},"end":{"line":66,"column":98}},"19":{"start":{"line":69,"column":16},"end":{"line":69,"column":103}},"20":{"start":{"line":72,"column":12},"end":{"line":72,"column":71}},"21":{"start":{"line":76,"column":8},"end":{"line":76,"column":76}},"22":{"start":{"line":76,"column":26},"end":{"line":76,"column":37}},"23":{"start":{"line":85,"column":8},"end":{"line":85,"column":50}},"24":{"start":{"line":85,"column":43},"end":{"line":85,"column":50}},"25":{"start":{"line":87,"column":8},"end":{"line":87,"column":25}},"26":{"start":{"line":90,"column":8},"end":{"line":94,"column":9}},"27":{"start":{"line":91,"column":12},"end":{"line":91,"column":60}},"28":{"start":{"line":92,"column":12},"end":{"line":92,"column":31}},"29":{"start":{"line":93,"column":12},"end":{"line":93,"column":77}},"30":{"start":{"line":97,"column":8},"end":{"line":97,"column":74}},"31":{"start":{"line":98,"column":8},"end":{"line":98,"column":70}},"32":{"start":{"line":101,"column":8},"end":{"line":104,"column":11}},"33":{"start":{"line":112,"column":8},"end":{"line":112,"column":104}},"34":{"start":{"line":116,"column":0},"end":{"line":118,"column":1}},"35":{"start":{"line":117,"column":4},"end":{"line":117,"column":53}},"36":{"start":{"line":117,"column":21},"end":{"line":117,"column":45}},"37":{"start":{"line":119,"column":0},"end":{"line":119,"column":43}},"38":{"start":{"line":122,"column":0},"end":{"line":124,"column":1}},"39":{"start":{"line":123,"column":4},"end":{"line":123,"column":42}}},"fnMap":{"0":{"name":"(anonymous_0)","decl":{"start":{"line":35,"column":4},"end":{"line":35,"column":5}},"loc":{"start":{"line":35,"column":12},"end":{"line":77,"column":5}},"line":35},"1":{"name":"(anonymous_1)","decl":{"start":{"line":62,"column":40},"end":{"line":62,"column":41}},"loc":{"start":{"line":62,"column":47},"end":{"line":67,"column":17}},"line":62},"2":{"name":"(anonymous_2)","decl":{"start":{"line":76,"column":20},"end":{"line":76,"column":21}},"loc":{"start":{"line":76,"column":26},"end":{"line":76,"column":37}},"line":76},"3":{"name":"(anonymous_3)","decl":{"start":{"line":84,"column":4},"end":{"line":84,"column":5}},"loc":{"start":{"line":84,"column":11},"end":{"line":105,"column":5}},"line":84},"4":{"name":"(anonymous_4)","decl":{"start":{"line":111,"column":4},"end":{"line":111,"column":5}},"loc":{"start":{"line":111,"column":19},"end":{"line":113,"column":5}},"line":111},"5":{"name":"(anonymous_5)","decl":{"start":{"line":117,"column":15},"end":{"line":117,"column":16}},"loc":{"start":{"line":117,"column":21},"end":{"line":117,"column":45}},"line":117}},"branchMap":{"0":{"loc":{"start":{"line":39,"column":8},"end":{"line":42,"column":9}},"type":"if","locations":[{"start":{"line":39,"column":8},"end":{"line":42,"column":9}},{"start":{},"end":{}}],"line":39},"1":{"loc":{"start":{"line":41,"column":12},"end":{"line":41,"column":60}},"type":"if","locations":[{"start":{"line":41,"column":12},"end":{"line":41,"column":60}},{"start":{},"end":{}}],"line":41},"2":{"loc":{"start":{"line":46,"column":8},"end":{"line":50,"column":9}},"type":"if","locations":[{"start":{"line":46,"column":8},"end":{"line":50,"column":9}},{"start":{},"end":{}}],"line":46},"3":{"loc":{"start":{"line":48,"column":38},"end":{"line":48,"column":90}},"type":"binary-expr","locations":[{"start":{"line":48,"column":38},"end":{"line":48,"column":83}},{"start":{"line":48,"column":87},"end":{"line":48,"column":90}}],"line":48},"4":{"loc":{"start":{"line":53,"column":8},"end":{"line":73,"column":9}},"type":"if","locations":[{"start":{"line":53,"column":8},"end":{"line":73,"column":9}},{"start":{"line":71,"column":15},"end":{"line":73,"column":9}}],"line":53},"5":{"loc":{"start":{"line":76,"column":39},"end":{"line":76,"column":74}},"type":"binary-expr","locations":[{"start":{"line":76,"column":39},"end":{"line":76,"column":65}},{"start":{"line":76,"column":69},"end":{"line":76,"column":74}}],"line":76},"6":{"loc":{"start":{"line":85,"column":8},"end":{"line":85,"column":50}},"type":"if","locations":[{"start":{"line":85,"column":8},"end":{"line":85,"column":50}},{"start":{},"end":{}}],"line":85},"7":{"loc":{"start":{"line":85,"column":12},"end":{"line":85,"column":41}},"type":"binary-expr","locations":[{"start":{"line":85,"column":12},"end":{"line":85,"column":25}},{"start":{"line":85,"column":29},"end":{"line":85,"column":41}}],"line":85},"8":{"loc":{"start":{"line":90,"column":8},"end":{"line":94,"column":9}},"type":"if","locations":[{"start":{"line":90,"column":8},"end":{"line":94,"column":9}},{"start":{},"end":{}}],"line":90},"9":{"loc":{"start":{"line":116,"column":0},"end":{"line":118,"column":1}},"type":"if","locations":[{"start":{"line":116,"column":0},"end":{"line":118,"column":1}},{"start":{},"end":{}}],"line":116},"10":{"loc":{"start":{"line":122,"column":0},"end":{"line":124,"column":1}},"type":"if","locations":[{"start":{"line":122,"column":0},"end":{"line":124,"column":1}},{"start":{},"end":{}}],"line":122},"11":{"loc":{"start":{"line":122,"column":4},"end":{"line":122,"column":51}},"type":"binary-expr","locations":[{"start":{"line":122,"column":4},"end":{"line":122,"column":33}},{"start":{"line":122,"column":37},"end":{"line":122,"column":51}}],"line":122}},"s":{"0":2,"1":5,"2":5,"3":1,"4":1,"5":1,"6":5,"7":5,"8":1,"9":1,"10":1,"11":5,"12":4,"13":4,"14":3,"15":1,"16":1,"17":1,"18":1,"19":1,"20":1,"21":5,"22":0,"23":4,"24":1,"25":3,"26":3,"27":2,"28":2,"29":2,"30":3,"31":3,"32":3,"33":5,"34":2,"35":1,"36":1,"37":2,"38":2,"39":2},"f":{"0":5,"1":1,"2":0,"3":4,"4":5,"5":1},"b":{"0":[1,4],"1":[1,0],"2":[1,4],"3":[1,0],"4":[4,1],"5":[5,0],"6":[1,3],"7":[4,3],"8":[2,1],"9":[1,1],"10":[2,0],"11":[2,2]},"_coverageSchema":"1a1c01bbd47fc00a2c39e90264f33305004495a9","hash":"459fdcdca7a115de37146ec7fefe844fd34e964d"}
,"A:\\Coding\\prompantigravity\\smart-stadium-ai\\src\\engine\\state.js": {"path":"A:\\Coding\\prompantigravity\\smart-stadium-ai\\src\\engine\\state.js","statementMap":{"0":{"start":{"line":12,"column":0},"end":{"line":16,"column":2}},"1":{"start":{"line":24,"column":21},"end":{"line":107,"column":1}},"2":{"start":{"line":33,"column":8},"end":{"line":33,"column":53}},"3":{"start":{"line":34,"column":22},"end":{"line":34,"column":63}},"4":{"start":{"line":36,"column":8},"end":{"line":40,"column":9}},"5":{"start":{"line":37,"column":12},"end":{"line":37,"column":45}},"6":{"start":{"line":39,"column":12},"end":{"line":39,"column":38}},"7":{"start":{"line":42,"column":8},"end":{"line":42,"column":25}},"8":{"start":{"line":51,"column":8},"end":{"line":59,"column":9}},"9":{"start":{"line":52,"column":24},"end":{"line":52,"column":57}},"10":{"start":{"line":53,"column":12},"end":{"line":53,"column":44}},"11":{"start":{"line":54,"column":12},"end":{"line":54,"column":24}},"12":{"start":{"line":56,"column":12},"end":{"line":56,"column":74}},"13":{"start":{"line":58,"column":12},"end":{"line":58,"column":86}},"14":{"start":{"line":66,"column":8},"end":{"line":66,"column":80}},"15":{"start":{"line":77,"column":24},"end":{"line":77,"column":75}},"16":{"start":{"line":77,"column":56},"end":{"line":77,"column":74}},"17":{"start":{"line":78,"column":8},"end":{"line":78,"column":29}},"18":{"start":{"line":78,"column":22},"end":{"line":78,"column":29}},"19":{"start":{"line":80,"column":21},"end":{"line":80,"column":61}},"20":{"start":{"line":80,"column":45},"end":{"line":80,"column":60}},"21":{"start":{"line":81,"column":8},"end":{"line":85,"column":9}},"22":{"start":{"line":82,"column":12},"end":{"line":82,"column":46}},"23":{"start":{"line":83,"column":12},"end":{"line":83,"column":24}},"24":{"start":{"line":84,"column":12},"end":{"line":84,"column":29}},"25":{"start":{"line":95,"column":8},"end":{"line":95,"column":53}},"26":{"start":{"line":96,"column":8},"end":{"line":96,"column":20}},"27":{"start":{"line":97,"column":8},"end":{"line":97,"column":25}},"28":{"start":{"line":105,"column":8},"end":{"line":105,"column":93}},"29":{"start":{"line":110,"column":0},"end":{"line":110,"column":35}},"30":{"start":{"line":113,"column":0},"end":{"line":115,"column":1}},"31":{"start":{"line":114,"column":4},"end":{"line":114,"column":38}}},"fnMap":{"0":{"name":"(anonymous_0)","decl":{"start":{"line":32,"column":4},"end":{"line":32,"column":5}},"loc":{"start":{"line":32,"column":17},"end":{"line":43,"column":5}},"line":32},"1":{"name":"(anonymous_1)","decl":{"start":{"line":50,"column":4},"end":{"line":50,"column":5}},"loc":{"start":{"line":50,"column":25},"end":{"line":60,"column":5}},"line":50},"2":{"name":"(anonymous_2)","decl":{"start":{"line":65,"column":4},"end":{"line":65,"column":5}},"loc":{"start":{"line":65,"column":11},"end":{"line":67,"column":5}},"line":65},"3":{"name":"(anonymous_3)","decl":{"start":{"line":76,"column":4},"end":{"line":76,"column":5}},"loc":{"start":{"line":76,"column":46},"end":{"line":86,"column":5}},"line":76},"4":{"name":"(anonymous_4)","decl":{"start":{"line":77,"column":51},"end":{"line":77,"column":52}},"loc":{"start":{"line":77,"column":56},"end":{"line":77,"column":74}},"line":77},"5":{"name":"(anonymous_5)","decl":{"start":{"line":80,"column":40},"end":{"line":80,"column":41}},"loc":{"start":{"line":80,"column":45},"end":{"line":80,"column":60}},"line":80},"6":{"name":"(anonymous_6)","decl":{"start":{"line":94,"column":4},"end":{"line":94,"column":5}},"loc":{"start":{"line":94,"column":39},"end":{"line":98,"column":5}},"line":94},"7":{"name":"(anonymous_7)","decl":{"start":{"line":104,"column":4},"end":{"line":104,"column":5}},"loc":{"start":{"line":104,"column":16},"end":{"line":106,"column":5}},"line":104}},"branchMap":{"0":{"loc":{"start":{"line":36,"column":8},"end":{"line":40,"column":9}},"type":"if","locations":[{"start":{"line":36,"column":8},"end":{"line":40,"column":9}},{"start":{"line":38,"column":15},"end":{"line":40,"column":9}}],"line":36},"1":{"loc":{"start":{"line":78,"column":8},"end":{"line":78,"column":29}},"type":"if","locations":[{"start":{"line":78,"column":8},"end":{"line":78,"column":29}},{"start":{},"end":{}}],"line":78},"2":{"loc":{"start":{"line":81,"column":8},"end":{"line":85,"column":9}},"type":"if","locations":[{"start":{"line":81,"column":8},"end":{"line":85,"column":9}},{"start":{},"end":{}}],"line":81},"3":{"loc":{"start":{"line":94,"column":25},"end":{"line":94,"column":37}},"type":"default-arg","locations":[{"start":{"line":94,"column":35},"end":{"line":94,"column":37}}],"line":94},"4":{"loc":{"start":{"line":113,"column":0},"end":{"line":115,"column":1}},"type":"if","locations":[{"start":{"line":113,"column":0},"end":{"line":115,"column":1}},{"start":{},"end":{}}],"line":113},"5":{"loc":{"start":{"line":113,"column":4},"end":{"line":113,"column":51}},"type":"binary-expr","locations":[{"start":{"line":113,"column":4},"end":{"line":113,"column":33}},{"start":{"line":113,"column":37},"end":{"line":113,"column":51}}],"line":113}},"s":{"0":1,"1":1,"2":3,"3":3,"4":3,"5":1,"6":2,"7":3,"8":2,"9":2,"10":1,"11":1,"12":1,"13":1,"14":4,"15":3,"16":3,"17":3,"18":1,"19":2,"20":2,"21":2,"22":1,"23":1,"24":1,"25":2,"26":2,"27":2,"28":6,"29":1,"30":1,"31":1},"f":{"0":3,"1":2,"2":4,"3":3,"4":3,"5":2,"6":2,"7":6},"b":{"0":[1,2],"1":[1,2],"2":[1,1],"3":[0],"4":[1,0],"5":[1,1]},"_coverageSchema":"1a1c01bbd47fc00a2c39e90264f33305004495a9","hash":"04de5f0dd4eb5c73fc138d7accb23fea16699907"}
}
