TN:
SF:src\components\AssistantController.js
FN:9,(anonymous_0)
FN:12,(anonymous_1)
FN:75,(anonymous_2)
FN:82,(anonymous_3)
FN:87,(anonymous_4)
FN:101,(anonymous_5)
FN:106,(anonymous_6)
FN:110,(anonymous_7)
FN:117,(anonymous_8)
FN:125,(anonymous_9)
FN:126,(anonymous_10)
FN:126,(anonymous_11)
FN:132,(anonymous_12)
FN:134,(anonymous_13)
FN:136,(anonymous_14)
FN:144,(anonymous_15)
FN:148,(anonymous_16)
FN:152,(anonymous_17)
FN:156,(anonymous_18)
FN:156,(anonymous_19)
FNF:20
FNH:20
FNDA:5,(anonymous_0)
FNDA:5,(anonymous_1)
FNDA:2,(anonymous_2)
FNDA:1,(anonymous_3)
FNDA:2,(anonymous_4)
FNDA:1,(anonymous_5)
FNDA:1,(anonymous_6)
FNDA:1,(anonymous_7)
FNDA:13,(anonymous_8)
FNDA:4,(anonymous_9)
FNDA:6,(anonymous_10)
FNDA:3,(anonymous_11)
FNDA:4,(anonymous_12)
FNDA:4,(anonymous_13)
FNDA:2,(anonymous_14)
FNDA:1,(anonymous_15)
FNDA:1,(anonymous_16)
FNDA:1,(anonymous_17)
FNDA:29,(anonymous_18)
FNDA:199,(anonymous_19)
DA:6,1
DA:10,5
DA:11,5
DA:12,5
DA:14,5
DA:15,1
DA:16,1
DA:17,1
DA:18,1
DA:21,4
DA:34,4
DA:35,4
DA:36,4
DA:49,3
DA:51,3
DA:52,3
DA:53,1
DA:54,1
DA:55,2
DA:56,1
DA:58,1
DA:61,3
DA:62,3
DA:65,1
DA:66,1
DA:67,1
DA:68,1
DA:76,2
DA:77,1
DA:78,1
DA:79,1
DA:81,1
DA:82,1
DA:83,1
DA:84,1
DA:88,2
DA:89,2
DA:90,1
DA:91,1
DA:94,1
DA:95,1
DA:96,1
DA:97,1
DA:98,1
DA:101,1
DA:102,1
DA:103,1
DA:106,1
DA:107,1
DA:110,1
DA:111,1
DA:114,1
DA:118,13
DA:119,13
DA:122,12
DA:126,6
DA:127,4
DA:133,4
DA:134,4
DA:135,4
DA:136,2
DA:137,2
DA:139,2
DA:144,1
DA:148,1
DA:152,1
DA:156,199
DA:157,12
DA:159,1
DA:163,1
DA:166,1
DA:167,1
LF:72
LH:72
BRDA:11,0,0,5
BRDA:11,0,1,0
BRDA:14,1,0,1
BRDA:14,1,1,4
BRDA:14,2,0,5
BRDA:14,2,1,5
BRDA:17,3,0,1
BRDA:17,3,1,0
BRDA:23,4,0,4
BRDA:23,4,1,0
BRDA:24,5,0,4
BRDA:24,5,1,0
BRDA:24,6,0,4
BRDA:24,6,1,0
BRDA:24,7,0,4
BRDA:24,7,1,0
BRDA:28,8,0,4
BRDA:28,8,1,0
BRDA:52,9,0,1
BRDA:52,9,1,2
BRDA:55,10,0,1
BRDA:55,10,1,1
BRDA:61,11,0,3
BRDA:61,11,1,0
BRDA:67,12,0,1
BRDA:67,12,1,0
BRDA:76,13,0,1
BRDA:76,13,1,1
BRDA:82,14,0,1
BRDA:82,14,1,0
BRDA:82,15,0,1
BRDA:82,15,1,1
BRDA:83,16,0,1
BRDA:83,16,1,0
BRDA:88,17,0,2
BRDA:88,17,1,1
BRDA:89,18,0,1
BRDA:89,18,1,1
BRDA:90,19,0,1
BRDA:90,19,1,0
BRDA:94,20,0,1
BRDA:94,20,1,0
BRDA:103,21,0,1
BRDA:103,21,1,0
BRDA:107,22,0,1
BRDA:107,22,1,0
BRDA:111,23,0,1
BRDA:111,23,1,0
BRDA:119,24,0,1
BRDA:119,24,1,12
BRDA:126,25,0,4
BRDA:126,25,1,1
BRDA:127,26,0,3
BRDA:127,26,1,1
BRDA:133,27,0,4
BRDA:133,27,1,0
BRDA:135,28,0,2
BRDA:135,28,1,2
BRDA:135,29,0,4
BRDA:135,29,1,4
BRDA:135,29,2,3
BRDA:136,30,0,2
BRDA:136,30,1,0
BRDA:137,31,0,2
BRDA:137,31,1,0
BRDA:139,32,0,2
BRDA:139,32,1,0
BRDA:157,33,0,11
BRDA:157,33,1,1
BRDA:166,34,0,1
BRDA:166,34,1,0
BRDA:166,35,0,1
BRDA:166,35,1,1
BRF:73
BRH:52
end_of_record
TN:
SF:src\engine\simulator.js
FN:12,(anonymous_0)
FN:35,(anonymous_1)
FN:51,(anonymous_2)
FN:54,(anonymous_3)
FN:77,(anonymous_4)
FN:83,(anonymous_5)
FNF:6
FNH:5
FNDA:5,(anonymous_0)
FNDA:1,(anonymous_1)
FNDA:0,(anonymous_2)
FNDA:4,(anonymous_3)
FNDA:5,(anonymous_4)
FNDA:1,(anonymous_5)
DA:6,2
DA:13,5
DA:16,5
DA:17,1
DA:18,1
DA:22,5
DA:23,5
DA:24,1
DA:25,1
DA:26,1
DA:30,5
DA:31,4
DA:32,4
DA:35,3
DA:36,1
DA:37,1
DA:40,1
DA:41,1
DA:44,1
DA:47,1
DA:51,5
DA:55,4
DA:57,3
DA:60,3
DA:61,2
DA:62,2
DA:63,2
DA:67,3
DA:68,3
DA:71,3
DA:78,5
DA:82,2
DA:83,1
DA:85,2
DA:88,2
DA:89,2
LF:36
LH:36
BRDA:16,0,0,1
BRDA:16,0,1,4
BRDA:18,1,0,1
BRDA:18,1,1,0
BRDA:23,2,0,1
BRDA:23,2,1,4
BRDA:25,3,0,1
BRDA:25,3,1,0
BRDA:30,4,0,4
BRDA:30,4,1,1
BRDA:51,5,0,5
BRDA:51,5,1,0
BRDA:55,6,0,1
BRDA:55,6,1,3
BRDA:55,7,0,4
BRDA:55,7,1,3
BRDA:60,8,0,2
BRDA:60,8,1,1
BRDA:82,9,0,1
BRDA:82,9,1,1
BRDA:88,10,0,2
BRDA:88,10,1,0
BRDA:88,11,0,2
BRDA:88,11,1,2
BRF:24
BRH:20
end_of_record
TN:
SF:src\engine\state.js
FN:13,(anonymous_0)
FN:26,(anonymous_1)
FN:38,(anonymous_2)
FN:42,(anonymous_3)
FN:43,(anonymous_4)
FN:46,(anonymous_5)
FN:54,(anonymous_6)
FN:60,(anonymous_7)
FNF:8
FNH:8
FNDA:3,(anonymous_0)
FNDA:2,(anonymous_1)
FNDA:4,(anonymous_2)
FNDA:3,(anonymous_3)
FNDA:3,(anonymous_4)
FNDA:2,(anonymous_5)
FNDA:2,(anonymous_6)
FNDA:6,(anonymous_7)
DA:6,1
DA:12,1
DA:14,3
DA:15,3
DA:17,3
DA:18,1
DA:20,2
DA:23,3
DA:27,2
DA:28,2
DA:29,1
DA:30,1
DA:32,1
DA:34,1
DA:39,4
DA:43,3
DA:44,3
DA:46,2
DA:47,2
DA:48,1
DA:49,1
DA:50,1
DA:55,2
DA:56,2
DA:57,2
DA:61,6
DA:66,1
DA:69,1
DA:70,1
LF:29
LH:29
BRDA:17,0,0,1
BRDA:17,0,1,2
BRDA:44,1,0,1
BRDA:44,1,1,2
BRDA:47,2,0,1
BRDA:47,2,1,1
BRDA:54,3,0,0
BRDA:69,4,0,1
BRDA:69,4,1,0
BRDA:69,5,0,1
BRDA:69,5,1,1
BRF:11
BRH:9
end_of_record
