TN:
SF:src\components\AssistantController.js
FN:26,(anonymous_0)
FN:29,(anonymous_1)
FN:100,(anonymous_2)
FN:107,(anonymous_3)
FN:118,(anonymous_4)
FN:132,(anonymous_5)
FN:137,(anonymous_6)
FN:141,(anonymous_7)
FN:157,(anonymous_8)
FN:165,(anonymous_9)
FN:166,(anonymous_10)
FN:166,(anonymous_11)
FN:172,(anonymous_12)
FN:174,(anonymous_13)
FN:176,(anonymous_14)
FN:184,(anonymous_15)
FN:188,(anonymous_16)
FN:192,(anonymous_17)
FN:196,(anonymous_18)
FN:196,(anonymous_19)
FNF:20
FNH:20
FNDA:5,(anonymous_0)
FNDA:5,(anonymous_1)
FNDA:2,(anonymous_2)
FNDA:1,(anonymous_3)
FNDA:2,(anonymous_4)
FNDA:1,(anonymous_5)
FNDA:1,(anonymous_6)
FNDA:1,(anonymous_7)
FNDA:13,(anonymous_8)
FNDA:4,(anonymous_9)
FNDA:6,(anonymous_10)
FNDA:3,(anonymous_11)
FNDA:4,(anonymous_12)
FNDA:4,(anonymous_13)
FNDA:2,(anonymous_14)
FNDA:1,(anonymous_15)
FNDA:1,(anonymous_16)
FNDA:1,(anonymous_17)
FNDA:29,(anonymous_18)
FNDA:199,(anonymous_19)
DA:16,1
DA:27,5
DA:28,5
DA:29,5
DA:31,5
DA:32,1
DA:33,1
DA:34,1
DA:35,1
DA:38,4
DA:51,4
DA:52,4
DA:53,4
DA:66,3
DA:68,3
DA:69,3
DA:70,1
DA:71,1
DA:72,2
DA:73,1
DA:75,1
DA:78,3
DA:79,3
DA:82,1
DA:83,1
DA:84,1
DA:85,1
DA:101,2
DA:102,1
DA:103,1
DA:104,1
DA:106,1
DA:107,1
DA:108,1
DA:109,1
DA:119,2
DA:120,2
DA:121,1
DA:122,1
DA:125,1
DA:126,1
DA:127,1
DA:128,1
DA:129,1
DA:132,1
DA:133,1
DA:134,1
DA:137,1
DA:138,1
DA:141,1
DA:142,1
DA:145,1
DA:158,13
DA:159,13
DA:162,12
DA:166,6
DA:167,4
DA:173,4
DA:174,4
DA:175,4
DA:176,2
DA:177,2
DA:179,2
DA:184,1
DA:188,1
DA:192,1
DA:196,199
DA:197,12
DA:199,1
DA:203,1
DA:206,1
DA:207,1
LF:72
LH:72
BRDA:28,0,0,5
BRDA:28,0,1,0
BRDA:31,1,0,1
BRDA:31,1,1,4
BRDA:31,2,0,5
BRDA:31,2,1,5
BRDA:34,3,0,1
BRDA:34,3,1,0
BRDA:40,4,0,4
BRDA:40,4,1,0
BRDA:41,5,0,4
BRDA:41,5,1,0
BRDA:41,6,0,4
BRDA:41,6,1,0
BRDA:41,7,0,4
BRDA:41,7,1,0
BRDA:45,8,0,4
BRDA:45,8,1,0
BRDA:69,9,0,1
BRDA:69,9,1,2
BRDA:72,10,0,1
BRDA:72,10,1,1
BRDA:78,11,0,3
BRDA:78,11,1,0
BRDA:84,12,0,1
BRDA:84,12,1,0
BRDA:101,13,0,1
BRDA:101,13,1,1
BRDA:107,14,0,1
BRDA:107,14,1,0
BRDA:107,15,0,1
BRDA:107,15,1,1
BRDA:108,16,0,1
BRDA:108,16,1,0
BRDA:119,17,0,2
BRDA:119,17,1,1
BRDA:120,18,0,1
BRDA:120,18,1,1
BRDA:121,19,0,1
BRDA:121,19,1,0
BRDA:125,20,0,1
BRDA:125,20,1,0
BRDA:134,21,0,1
BRDA:134,21,1,0
BRDA:138,22,0,1
BRDA:138,22,1,0
BRDA:142,23,0,1
BRDA:142,23,1,0
BRDA:159,24,0,1
BRDA:159,24,1,12
BRDA:166,25,0,4
BRDA:166,25,1,1
BRDA:167,26,0,3
BRDA:167,26,1,1
BRDA:173,27,0,4
BRDA:173,27,1,0
BRDA:175,28,0,2
BRDA:175,28,1,2
BRDA:175,29,0,4
BRDA:175,29,1,4
BRDA:175,29,2,3
BRDA:176,30,0,2
BRDA:176,30,1,0
BRDA:177,31,0,2
BRDA:177,31,1,0
BRDA:179,32,0,2
BRDA:179,32,1,0
BRDA:197,33,0,11
BRDA:197,33,1,1
BRDA:206,34,0,1
BRDA:206,34,1,0
BRDA:206,35,0,1
BRDA:206,35,1,1
BRF:73
BRH:52
end_of_record
TN:
SF:src\engine\simulator.js
FN:35,(anonymous_0)
FN:62,(anonymous_1)
FN:76,(anonymous_2)
FN:84,(anonymous_3)
FN:111,(anonymous_4)
FN:117,(anonymous_5)
FNF:6
FNH:5
FNDA:5,(anonymous_0)
FNDA:1,(anonymous_1)
FNDA:0,(anonymous_2)
FNDA:4,(anonymous_3)
FNDA:5,(anonymous_4)
FNDA:1,(anonymous_5)
DA:20,2
DA:36,5
DA:39,5
DA:40,1
DA:41,1
DA:45,5
DA:46,5
DA:47,1
DA:48,1
DA:49,1
DA:53,5
DA:54,4
DA:55,4
DA:62,3
DA:63,1
DA:64,1
DA:65,1
DA:66,1
DA:69,1
DA:72,1
DA:76,5
DA:85,4
DA:87,3
DA:90,3
DA:91,2
DA:92,2
DA:93,2
DA:97,3
DA:98,3
DA:101,3
DA:112,5
DA:116,2
DA:117,1
DA:119,2
DA:122,2
DA:123,2
LF:36
LH:36
BRDA:39,0,0,1
BRDA:39,0,1,4
BRDA:41,1,0,1
BRDA:41,1,1,0
BRDA:46,2,0,1
BRDA:46,2,1,4
BRDA:48,3,0,1
BRDA:48,3,1,0
BRDA:53,4,0,4
BRDA:53,4,1,1
BRDA:76,5,0,5
BRDA:76,5,1,0
BRDA:85,6,0,1
BRDA:85,6,1,3
BRDA:85,7,0,4
BRDA:85,7,1,3
BRDA:90,8,0,2
BRDA:90,8,1,1
BRDA:116,9,0,1
BRDA:116,9,1,1
BRDA:122,10,0,2
BRDA:122,10,1,0
BRDA:122,11,0,2
BRDA:122,11,1,2
BRF:24
BRH:20
end_of_record
TN:
SF:src\engine\state.js
FN:32,(anonymous_0)
FN:50,(anonymous_1)
FN:65,(anonymous_2)
FN:76,(anonymous_3)
FN:77,(anonymous_4)
FN:80,(anonymous_5)
FN:94,(anonymous_6)
FN:104,(anonymous_7)
FNF:8
FNH:8
FNDA:3,(anonymous_0)
FNDA:2,(anonymous_1)
FNDA:4,(anonymous_2)
FNDA:3,(anonymous_3)
FNDA:3,(anonymous_4)
FNDA:2,(anonymous_5)
FNDA:2,(anonymous_6)
FNDA:6,(anonymous_7)
DA:12,1
DA:24,1
DA:33,3
DA:34,3
DA:36,3
DA:37,1
DA:39,2
DA:42,3
DA:51,2
DA:52,2
DA:53,1
DA:54,1
DA:56,1
DA:58,1
DA:66,4
DA:77,3
DA:78,3
DA:80,2
DA:81,2
DA:82,1
DA:83,1
DA:84,1
DA:95,2
DA:96,2
DA:97,2
DA:105,6
DA:110,1
DA:113,1
DA:114,1
LF:29
LH:29
BRDA:36,0,0,1
BRDA:36,0,1,2
BRDA:78,1,0,1
BRDA:78,1,1,2
BRDA:81,2,0,1
BRDA:81,2,1,1
BRDA:94,3,0,0
BRDA:113,4,0,1
BRDA:113,4,1,0
BRDA:113,5,0,1
BRDA:113,5,1,1
BRF:11
BRH:9
end_of_record
